TN:
SF:script/Deploy.s.sol
DA:8,0
FN:8,DeployScript.run
FNDA:0,DeployScript.run
DA:9,0
DA:10,0
DA:11,0
DA:12,0
DA:15,0
DA:16,0
DA:17,0
DA:18,0
DA:19,0
DA:21,0
DA:24,0
DA:27,0
DA:38,0
DA:40,0
FNF:1
FNH:0
LF:15
LH:0
BRF:0
BRH:0
end_of_record
TN:
SF:script/TestFork.s.sol
DA:9,0
FN:9,TestForkScript.run
FNDA:0,TestForkScript.run
DA:11,0
DA:13,0
DA:14,0
DA:17,0
DA:18,0
DA:20,0
DA:21,0
DA:24,0
DA:25,0
FNF:1
FNH:0
LF:10
LH:0
BRF:0
BRH:0
end_of_record
TN:
SF:src/Rent2Repay.sol
DA:88,626
FN:88,Rent2Repay._getR2rStorage
FNDA:626,Rent2Repay._getR2rStorage
DA:94,626
DA:116,50
FN:116,Rent2Repay.constructor
FNDA:50,Rent2Repay.constructor
DA:117,50
DA:131,49
FN:131,Rent2Repay.initialize
FNDA:49,Rent2Repay.initialize
DA:141,49
DA:142,49
DA:143,49
DA:145,49
DA:146,49
DA:147,49
DA:148,49
DA:150,49
DA:151,49
DA:154,49
DA:155,49
DA:156,49
DA:157,49
DA:160,49
DA:161,49
DA:168,6
FN:168,Rent2Repay.userIsAuthorized
FNDA:6,Rent2Repay.userIsAuthorized
DA:169,6
BRDA:169,0,0,5
DA:177,51
FN:177,Rent2Repay.validTokenAddress
FNDA:51,Rent2Repay.validTokenAddress
DA:178,51
BRDA:178,1,0,-
DA:186,6
FN:186,Rent2Repay.onlyAuthorizedToken
FNDA:6,Rent2Repay.onlyAuthorizedToken
DA:187,6
BRDA:187,2,0,2
DA:196,31
FN:196,Rent2Repay.configureRent2Repay
FNDA:31,Rent2Repay.configureRent2Repay
DA:202,30
DA:203,30
DA:204,30
BRDA:204,3,0,3
BRDA:204,3,1,27
DA:207,27
DA:208,27
DA:209,54
DA:210,54
DA:211,54
DA:215,27
DA:216,30
BRDA:216,4,0,4
BRDA:216,4,1,26
DA:218,26
DA:219,26
DA:220,26
DA:224,23
DA:226,23
DA:232,6
FN:232,Rent2Repay.revokeRent2RepayAll
FNDA:6,Rent2Repay.revokeRent2RepayAll
DA:233,1
DA:242,5
FN:242,Rent2Repay.removeUser
FNDA:5,Rent2Repay.removeUser
DA:247,1
DA:248,1
DA:254,8
FN:254,Rent2Repay.pause
FNDA:8,Rent2Repay.pause
DA:255,2
DA:261,5
FN:261,Rent2Repay.unpause
FNDA:5,Rent2Repay.unpause
DA:262,2
DA:270,13
FN:270,Rent2Repay.isAuthorized
FNDA:13,Rent2Repay.isAuthorized
DA:271,21
DA:281,22
FN:281,Rent2Repay._validateUserAndToken
FNDA:22,Rent2Repay._validateUserAndToken
DA:282,22
DA:283,22
BRDA:283,5,0,4
BRDA:283,5,1,18
DA:284,18
BRDA:284,6,0,4
BRDA:284,6,1,14
DA:285,14
BRDA:285,7,0,-
BRDA:285,7,1,14
DA:286,14
BRDA:286,8,0,3
BRDA:286,8,1,11
DA:298,18
FN:298,Rent2Repay._processUserRepayment
FNDA:18,Rent2Repay._processUserRepayment
DA:302,18
DA:303,18
DA:306,10
DA:307,10
DA:308,10
DA:311,10
DA:315,10
DA:328,10
FN:328,Rent2Repay._handleTokenTransferAndFees
FNDA:10,Rent2Repay._handleTokenTransferAndFees
DA:332,10
DA:333,10
DA:334,10
DA:335,10
DA:337,10
DA:339,10
BRDA:339,9,0,-
BRDA:339,9,1,10
DA:355,10
FN:355,Rent2Repay._handleRmmRepayment
FNDA:10,Rent2Repay._handleRmmRepayment
DA:364,10
DA:366,10
BRDA:366,10,0,-
DA:368,0
BRDA:368,11,0,-
BRDA:368,11,1,-
DA:378,10
DA:385,10
DA:386,10
BRDA:386,12,0,1
DA:387,1
BRDA:387,13,0,-
BRDA:387,13,1,1
DA:394,10
DA:395,10
BRDA:395,14,0,1
DA:396,1
DA:400,19
FN:400,Rent2Repay.rent2repay
FNDA:19,Rent2Repay.rent2repay
DA:407,13
DA:411,13
DA:414,8
DA:417,8
FN:417,Rent2Repay.batchRent2Repay
FNDA:8,Rent2Repay.batchRent2Repay
DA:424,4
DA:425,4
DA:426,4
DA:427,4
DA:428,4
DA:431,4
DA:432,5
DA:433,5
BRDA:433,15,0,-
BRDA:433,15,1,5
DA:435,5
DA:441,2
DA:442,2
DA:444,2
DA:447,1
BRDA:447,16,0,1
DA:448,1
DA:452,8
FN:452,Rent2Repay.whoami
FNDA:8,Rent2Repay.whoami
DA:453,8
DA:466,3
FN:466,Rent2Repay.getUserConfigs
FNDA:3,Rent2Repay.getUserConfigs
DA:474,3
DA:476,3
BRDA:476,17,0,2
DA:477,2
DA:480,1
DA:481,1
DA:482,1
DA:484,1
DA:485,1
DA:487,2
DA:488,2
DA:489,2
BRDA:489,18,0,2
DA:490,2
DA:491,2
DA:492,2
DA:494,2
DA:498,1
DA:499,1
DA:508,8
FN:508,Rent2Repay.authorizeTokenPair
FNDA:8,Rent2Repay.authorizeTokenPair
DA:512,4
DA:520,103
FN:520,Rent2Repay._authorizeTokenPair
FNDA:103,Rent2Repay._authorizeTokenPair
DA:521,103
DA:522,103
DA:528,103
DA:529,103
DA:530,103
DA:537,7
FN:537,Rent2Repay.unauthorizeToken
FNDA:7,Rent2Repay.unauthorizeToken
DA:541,3
DA:542,3
DA:543,3
DA:556,4
FN:556,Rent2Repay.giveApproval
FNDA:4,Rent2Repay.giveApproval
DA:564,3
BRDA:564,19,0,1
BRDA:564,19,1,2
DA:565,2
BRDA:565,20,0,1
BRDA:565,20,1,1
DA:567,1
BRDA:567,21,0,1
BRDA:567,21,1,-
DA:578,3
FN:578,Rent2Repay._removeUserAllTokens
FNDA:3,Rent2Repay._removeUserAllTokens
DA:579,3
DA:581,3
DA:584,3
DA:585,3
DA:586,6
DA:587,6
DA:588,6
DA:591,3
DA:600,16
FN:600,Rent2Repay._isNewPeriod
FNDA:16,Rent2Repay._isNewPeriod
DA:601,16
DA:602,16
DA:613,16
FN:613,Rent2Repay._calculateFees
FNDA:16,Rent2Repay._calculateFees
DA:618,16
DA:620,16
DA:621,16
DA:623,16
BRDA:623,22,0,14
DA:624,14
DA:625,14
BRDA:625,23,0,3
DA:627,3
DA:628,3
DA:632,16
DA:633,16
BRDA:633,24,0,-
DA:634,16
DA:643,5
FN:643,Rent2Repay.emergencyTokenRecovery
FNDA:5,Rent2Repay.emergencyTokenRecovery
DA:651,1
BRDA:651,25,0,-
BRDA:651,25,1,1
DA:658,11
FN:658,Rent2Repay.updateDaoFees
FNDA:11,Rent2Repay.updateDaoFees
DA:662,4
DA:663,4
BRDA:663,26,0,-
DA:664,4
DA:671,8
FN:671,Rent2Repay.updateSenderTips
FNDA:8,Rent2Repay.updateSenderTips
DA:675,4
DA:676,4
BRDA:676,27,0,-
DA:677,4
DA:685,7
FN:685,Rent2Repay.getFeeConfiguration
FNDA:7,Rent2Repay.getFeeConfiguration
DA:690,7
DA:691,7
DA:701,1
FN:701,Rent2Repay.getDaoFeeReductionConfiguration
FNDA:1,Rent2Repay.getDaoFeeReductionConfiguration
DA:711,1
DA:712,1
DA:724,55
FN:724,Rent2Repay.updateDaoFeeReductionToken
FNDA:55,Rent2Repay.updateDaoFeeReductionToken
DA:729,51
DA:730,51
DA:737,54
FN:737,Rent2Repay.updateDaoFeeReductionMinimumAmount
FNDA:54,Rent2Repay.updateDaoFeeReductionMinimumAmount
DA:741,51
DA:742,51
DA:749,52
FN:749,Rent2Repay.updateDaoFeeReductionPercentage
FNDA:52,Rent2Repay.updateDaoFeeReductionPercentage
DA:753,49
DA:754,49
DA:761,54
FN:761,Rent2Repay.updateDaoTreasuryAddress
FNDA:54,Rent2Repay.updateDaoTreasuryAddress
DA:765,51
DA:766,51
DA:775,15
FN:775,Rent2Repay._transferFees
FNDA:15,Rent2Repay._transferFees
DA:776,15
DA:777,15
BRDA:777,28,0,12
DA:778,12
BRDA:778,29,0,-
BRDA:778,29,1,12
DA:784,15
BRDA:784,30,0,13
DA:785,13
BRDA:785,31,0,-
BRDA:785,31,1,13
DA:795,8
FN:795,Rent2Repay.getActiveTokens
FNDA:8,Rent2Repay.getActiveTokens
DA:796,8
DA:797,8
DA:799,8
DA:801,8
DA:802,8
DA:803,21
DA:804,19
BRDA:804,32,0,19
DA:805,19
DA:806,19
DA:808,21
DA:813,8
DA:822,4
FN:822,Rent2Repay._authorizeUpgrade
FNDA:4,Rent2Repay._authorizeUpgrade
DA:832,2
FN:832,Rent2Repay.version
FNDA:2,Rent2Repay.version
DA:833,2
DA:837,2
FN:837,Rent2Repay.rmm
FNDA:2,Rent2Repay.rmm
DA:838,2
DA:841,9
FN:841,Rent2Repay.allowedMaxAmounts
FNDA:9,Rent2Repay.allowedMaxAmounts
DA:842,9
DA:845,4
FN:845,Rent2Repay.lastRepayTimestamps
FNDA:4,Rent2Repay.lastRepayTimestamps
DA:846,4
DA:849,9
FN:849,Rent2Repay.periodicity
FNDA:9,Rent2Repay.periodicity
DA:850,9
DA:853,12
FN:853,Rent2Repay.tokenConfig
FNDA:12,Rent2Repay.tokenConfig
DA:854,12
DA:857,2
FN:857,Rent2Repay.tokenList
FNDA:2,Rent2Repay.tokenList
DA:858,2
DA:861,6
FN:861,Rent2Repay.daoFeesBps
FNDA:6,Rent2Repay.daoFeesBps
DA:862,6
DA:865,6
FN:865,Rent2Repay.senderTipsBps
FNDA:6,Rent2Repay.senderTipsBps
DA:866,6
DA:869,2
FN:869,Rent2Repay.daoFeeReductionToken
FNDA:2,Rent2Repay.daoFeeReductionToken
DA:870,2
DA:873,2
FN:873,Rent2Repay.daoFeeReductionMinimumAmount
FNDA:2,Rent2Repay.daoFeeReductionMinimumAmount
DA:874,2
DA:877,3
FN:877,Rent2Repay.daoFeeReductionBps
FNDA:3,Rent2Repay.daoFeeReductionBps
DA:878,3
DA:881,2
FN:881,Rent2Repay.daoTreasuryAddress
FNDA:2,Rent2Repay.daoTreasuryAddress
DA:882,2
FNF:52
FNH:52
LF:237
LH:236
BRF:49
BRH:34
end_of_record
TN:
SF:test/harness/Rent2RepayHarness.sol
DA:19,6
FN:19,Rent2RepayHarness.exposed_transferFees
FNDA:6,Rent2RepayHarness.exposed_transferFees
DA:20,6
DA:31,0
FN:31,Rent2RepayHarness.exposed_processUserRepayment
FNDA:0,Rent2RepayHarness.exposed_processUserRepayment
DA:35,0
DA:46,0
FN:46,Rent2RepayHarness.exposed_handleTokenTransferAndFees
FNDA:0,Rent2RepayHarness.exposed_handleTokenTransferAndFees
DA:50,0
DA:62,0
FN:62,Rent2RepayHarness.exposed_handleRmmRepayment
FNDA:0,Rent2RepayHarness.exposed_handleRmmRepayment
DA:71,0
DA:82,6
FN:82,Rent2RepayHarness.exposed_calculateFees
FNDA:6,Rent2RepayHarness.exposed_calculateFees
DA:87,6
DA:96,2
FN:96,Rent2RepayHarness.exposed_isNewPeriod
FNDA:2,Rent2RepayHarness.exposed_isNewPeriod
DA:97,2
DA:105,4
FN:105,Rent2RepayHarness.exposed_validateUserAndToken
FNDA:4,Rent2RepayHarness.exposed_validateUserAndToken
DA:106,4
DA:113,1
FN:113,Rent2RepayHarness.exposed_removeUserAllTokens
FNDA:1,Rent2RepayHarness.exposed_removeUserAllTokens
DA:114,1
DA:122,1
FN:122,Rent2RepayHarness.exposed_authorizeTokenPair
FNDA:1,Rent2RepayHarness.exposed_authorizeTokenPair
DA:123,1
DA:130,0
FN:130,Rent2RepayHarness.fake_updateDaoFees
FNDA:0,Rent2RepayHarness.fake_updateDaoFees
DA:134,0
DA:137,0
DA:140,0
DA:143,0
DA:150,0
FN:150,Rent2RepayHarness.fake_updateSenderTips
FNDA:0,Rent2RepayHarness.fake_updateSenderTips
DA:154,0
DA:157,0
DA:160,0
DA:163,0
FNF:11
FNH:6
LF:28
LH:12
BRF:0
BRH:0
end_of_record
TN:
SF:test/mocks/MockERC20.sol
DA:14,345
FN:14,MockERC20.constructor
FNDA:345,MockERC20.constructor
DA:20,345
DA:21,345
DA:24,0
FN:24,MockERC20.decimals
FNDA:0,MockERC20.decimals
DA:25,0
DA:33,201
FN:33,MockERC20.mint
FNDA:201,MockERC20.mint
DA:34,201
DA:42,0
FN:42,MockERC20.burn
FNDA:0,MockERC20.burn
DA:43,0
DA:51,0
FN:51,MockERC20.setBalance
FNDA:0,MockERC20.setBalance
DA:52,0
DA:53,0
BRDA:53,0,0,-
BRDA:53,0,1,-
DA:54,0
DA:55,0
BRDA:55,1,0,-
DA:56,0
DA:66,30
FN:66,MockERC20.transferFrom
FNDA:30,MockERC20.transferFrom
DA:68,30
BRDA:68,2,0,7
DA:69,7
DA:71,30
FNF:6
FNH:3
LF:19
LH:9
BRF:4
BRH:1
end_of_record
TN:
SF:test/mocks/MockERC20Failing.sol
DA:14,1
FN:14,MockERC20Failing.constructor
FNDA:1,MockERC20Failing.constructor
DA:20,1
DA:21,1
DA:24,0
FN:24,MockERC20Failing.decimals
FNDA:0,MockERC20Failing.decimals
DA:25,0
DA:32,1
FN:32,MockERC20Failing.approve
FNDA:1,MockERC20Failing.approve
DA:34,0
DA:42,0
FN:42,MockERC20Failing.mint
FNDA:0,MockERC20Failing.mint
DA:43,0
FNF:4
FNH:2
LF:9
LH:4
BRF:0
BRH:0
end_of_record
TN:
SF:test/mocks/MockRMM.sol
DA:35,48
FN:35,MockRMM.constructor
FNDA:48,MockRMM.constructor
DA:36,48
BRDA:36,0,0,-
BRDA:36,0,1,48
DA:38,48
DA:39,96
BRDA:39,1,0,-
BRDA:39,1,1,96
DA:40,96
BRDA:40,2,0,-
BRDA:40,2,1,96
DA:41,96
DA:42,96
DA:46,48
DA:53,50
FN:53,MockRMM.setMode
FNDA:50,MockRMM.setMode
DA:54,50
BRDA:54,3,0,-
BRDA:54,3,1,50
DA:55,50
DA:56,50
DA:57,50
DA:64,0
FN:64,MockRMM.setCustomDifference
FNDA:0,MockRMM.setCustomDifference
DA:65,0
DA:72,0
FN:72,MockRMM.getCustomDifference
FNDA:0,MockRMM.getCustomDifference
DA:73,0
DA:80,39
FN:80,MockRMM.getMode
FNDA:39,MockRMM.getMode
DA:81,39
DA:91,10
FN:91,MockRMM.repay
FNDA:10,MockRMM.repay
DA:97,10
BRDA:97,4,0,-
BRDA:97,4,1,10
DA:100,10
DA:103,10
DA:104,10
BRDA:104,5,0,1
BRDA:104,5,1,1
DA:106,1
BRDA:106,6,0,-
BRDA:106,6,1,1
DA:107,1
DA:110,9
DA:115,10
BRDA:115,7,0,-
DA:116,0
DA:118,10
BRDA:118,8,0,-
BRDA:118,8,1,10
DA:122,10
BRDA:122,9,0,-
DA:123,0
DA:125,10
BRDA:125,10,0,-
BRDA:125,10,1,10
DA:127,10
DA:128,10
DA:131,0
FN:131,MockRMM.withdraw
FNDA:0,MockRMM.withdraw
DA:132,0
BRDA:132,11,0,-
BRDA:132,11,1,-
DA:133,0
DA:134,0
BRDA:134,12,0,-
BRDA:134,12,1,-
DA:136,0
BRDA:136,13,0,-
BRDA:136,13,1,-
DA:137,0
DA:138,0
DA:146,2
FN:146,MockRMM.getDebtToken
FNDA:2,MockRMM.getDebtToken
DA:147,2
FNF:8
FNH:5
LF:44
LH:31
BRF:26
BRH:10
end_of_record
TN:
SF:test/mocks/Rent2RepayV2.sol
DA:16,1
FN:16,Rent2RepayV2.version
FNDA:1,Rent2RepayV2.version
DA:17,1
DA:24,0
FN:24,Rent2RepayV2.isUpgraded
FNDA:0,Rent2RepayV2.isUpgraded
DA:25,0
FNF:2
FNH:1
LF:4
LH:2
BRF:0
BRH:0
end_of_record
