TN:
SF:script/Deploy.s.sol
DA:8,0
FN:8,DeployScript.run
FNDA:0,DeployScript.run
DA:9,0
DA:10,0
DA:11,0
DA:12,0
DA:15,0
DA:16,0
DA:17,0
DA:18,0
DA:19,0
DA:21,0
DA:24,0
DA:27,0
DA:38,0
DA:40,0
FNF:1
FNH:0
LF:15
LH:0
BRF:0
BRH:0
end_of_record
TN:
SF:script/TestFork.s.sol
DA:9,0
FN:9,TestForkScript.run
FNDA:0,TestForkScript.run
DA:11,0
DA:13,0
DA:14,0
DA:17,0
DA:18,0
DA:20,0
DA:21,0
DA:24,0
DA:25,0
FNF:1
FNH:0
LF:10
LH:0
BRF:0
BRH:0
end_of_record
TN:
SF:src/Rent2Repay.sol
DA:88,209
FN:88,Rent2Repay._getR2rStorage
FNDA:209,Rent2Repay._getR2rStorage
DA:94,209
DA:116,19
FN:116,Rent2Repay.constructor
FNDA:19,Rent2Repay.constructor
DA:117,19
DA:131,18
FN:131,Rent2Repay.initialize
FNDA:18,Rent2Repay.initialize
DA:141,18
DA:142,18
DA:143,18
DA:145,18
DA:146,18
DA:147,18
DA:148,18
DA:150,18
DA:151,18
DA:154,18
DA:155,18
DA:156,18
DA:157,18
DA:160,18
DA:161,18
DA:168,6
FN:168,Rent2Repay.userIsAuthorized
FNDA:6,Rent2Repay.userIsAuthorized
DA:169,6
BRDA:169,0,0,5
DA:177,1
FN:177,Rent2Repay.validTokenAddress
FNDA:1,Rent2Repay.validTokenAddress
DA:178,1
BRDA:178,1,0,-
DA:186,3
FN:186,Rent2Repay.onlyAuthorizedToken
FNDA:3,Rent2Repay.onlyAuthorizedToken
DA:187,3
BRDA:187,2,0,1
DA:196,14
FN:196,Rent2Repay.configureRent2Repay
FNDA:14,Rent2Repay.configureRent2Repay
DA:202,13
DA:203,13
DA:204,13
BRDA:204,3,0,1
BRDA:204,3,1,12
DA:207,12
DA:208,12
DA:209,24
DA:210,24
DA:211,24
DA:215,12
DA:216,14
BRDA:216,4,0,1
BRDA:216,4,1,13
DA:218,13
DA:219,13
DA:220,13
DA:224,11
DA:226,11
DA:232,6
FN:232,Rent2Repay.revokeRent2RepayAll
FNDA:6,Rent2Repay.revokeRent2RepayAll
DA:233,1
DA:242,5
FN:242,Rent2Repay.removeUser
FNDA:5,Rent2Repay.removeUser
DA:247,1
DA:248,1
DA:254,8
FN:254,Rent2Repay.pause
FNDA:8,Rent2Repay.pause
DA:255,2
DA:261,5
FN:261,Rent2Repay.unpause
FNDA:5,Rent2Repay.unpause
DA:262,2
DA:270,11
FN:270,Rent2Repay.isAuthorized
FNDA:11,Rent2Repay.isAuthorized
DA:271,19
DA:281,8
FN:281,Rent2Repay._validateUserAndToken
FNDA:8,Rent2Repay._validateUserAndToken
DA:282,8
DA:283,8
BRDA:283,5,0,1
BRDA:283,5,1,7
DA:284,7
BRDA:284,6,0,-
BRDA:284,6,1,7
DA:285,7
BRDA:285,7,0,-
BRDA:285,7,1,7
DA:286,7
BRDA:286,8,0,1
BRDA:286,8,1,6
DA:298,8
FN:298,Rent2Repay._processUserRepayment
FNDA:8,Rent2Repay._processUserRepayment
DA:302,8
DA:303,8
DA:306,6
DA:307,6
DA:308,6
DA:311,6
DA:315,6
DA:328,6
FN:328,Rent2Repay._handleTokenTransferAndFees
FNDA:6,Rent2Repay._handleTokenTransferAndFees
DA:332,6
DA:333,6
DA:334,6
DA:335,6
DA:337,6
DA:339,6
BRDA:339,9,0,-
BRDA:339,9,1,6
DA:355,6
FN:355,Rent2Repay._handleRmmRepayment
FNDA:6,Rent2Repay._handleRmmRepayment
DA:364,6
DA:366,6
BRDA:366,10,0,-
DA:368,0
BRDA:368,11,0,-
BRDA:368,11,1,-
DA:378,6
DA:385,6
DA:386,6
BRDA:386,12,0,1
DA:387,1
BRDA:387,13,0,-
BRDA:387,13,1,1
DA:394,6
DA:395,6
BRDA:395,14,0,1
DA:396,1
DA:400,9
FN:400,Rent2Repay.rent2repay
FNDA:9,Rent2Repay.rent2repay
DA:407,5
DA:411,5
DA:414,4
DA:417,4
FN:417,Rent2Repay.batchRent2Repay
FNDA:4,Rent2Repay.batchRent2Repay
DA:424,2
DA:425,2
DA:426,2
DA:427,2
DA:428,2
DA:431,2
DA:432,3
DA:433,3
BRDA:433,15,0,-
BRDA:433,15,1,3
DA:435,3
DA:441,2
DA:442,2
DA:444,2
DA:447,1
BRDA:447,16,0,1
DA:448,1
DA:452,8
FN:452,Rent2Repay.whoami
FNDA:8,Rent2Repay.whoami
DA:453,8
DA:466,3
FN:466,Rent2Repay.getUserConfigs
FNDA:3,Rent2Repay.getUserConfigs
DA:474,3
DA:476,3
BRDA:476,17,0,2
DA:477,2
DA:480,1
DA:481,1
DA:482,1
DA:484,1
DA:485,1
DA:487,2
DA:488,2
DA:489,2
BRDA:489,18,0,2
DA:490,2
DA:491,2
DA:492,2
DA:494,2
DA:498,1
DA:499,1
DA:508,6
FN:508,Rent2Repay.authorizeTokenPair
FNDA:6,Rent2Repay.authorizeTokenPair
DA:512,2
DA:520,38
FN:520,Rent2Repay._authorizeTokenPair
FNDA:38,Rent2Repay._authorizeTokenPair
DA:521,38
DA:522,38
DA:528,38
DA:529,38
DA:530,38
DA:537,6
FN:537,Rent2Repay.unauthorizeToken
FNDA:6,Rent2Repay.unauthorizeToken
DA:541,2
DA:542,2
DA:543,2
DA:556,1
FN:556,Rent2Repay.giveApproval
FNDA:1,Rent2Repay.giveApproval
DA:564,0
BRDA:564,19,0,-
BRDA:564,19,1,-
DA:565,0
BRDA:565,20,0,-
BRDA:565,20,1,-
DA:567,0
BRDA:567,21,0,-
BRDA:567,21,1,-
DA:578,2
FN:578,Rent2Repay._removeUserAllTokens
FNDA:2,Rent2Repay._removeUserAllTokens
DA:579,2
DA:581,2
DA:584,2
DA:585,2
DA:586,4
DA:587,4
DA:588,4
DA:591,2
DA:600,7
FN:600,Rent2Repay._isNewPeriod
FNDA:7,Rent2Repay._isNewPeriod
DA:601,7
DA:602,7
DA:613,6
FN:613,Rent2Repay._calculateFees
FNDA:6,Rent2Repay._calculateFees
DA:618,6
DA:620,6
DA:621,6
DA:623,6
BRDA:623,22,0,-
DA:624,0
DA:625,0
BRDA:625,23,0,-
DA:627,0
DA:628,0
DA:632,6
DA:633,6
BRDA:633,24,0,-
DA:634,6
DA:643,5
FN:643,Rent2Repay.emergencyTokenRecovery
FNDA:5,Rent2Repay.emergencyTokenRecovery
DA:651,1
BRDA:651,25,0,-
BRDA:651,25,1,1
DA:658,8
FN:658,Rent2Repay.updateDaoFees
FNDA:8,Rent2Repay.updateDaoFees
DA:662,1
DA:663,1
BRDA:663,26,0,-
DA:664,1
DA:671,5
FN:671,Rent2Repay.updateSenderTips
FNDA:5,Rent2Repay.updateSenderTips
DA:675,1
DA:676,1
BRDA:676,27,0,-
DA:677,1
DA:685,3
FN:685,Rent2Repay.getFeeConfiguration
FNDA:3,Rent2Repay.getFeeConfiguration
DA:690,3
DA:691,3
DA:701,1
FN:701,Rent2Repay.getDaoFeeReductionConfiguration
FNDA:1,Rent2Repay.getDaoFeeReductionConfiguration
DA:711,1
DA:712,1
DA:724,5
FN:724,Rent2Repay.updateDaoFeeReductionToken
FNDA:5,Rent2Repay.updateDaoFeeReductionToken
DA:729,1
DA:730,1
DA:737,4
FN:737,Rent2Repay.updateDaoFeeReductionMinimumAmount
FNDA:4,Rent2Repay.updateDaoFeeReductionMinimumAmount
DA:741,1
DA:742,1
DA:749,4
FN:749,Rent2Repay.updateDaoFeeReductionPercentage
FNDA:4,Rent2Repay.updateDaoFeeReductionPercentage
DA:753,1
DA:754,1
DA:761,4
FN:761,Rent2Repay.updateDaoTreasuryAddress
FNDA:4,Rent2Repay.updateDaoTreasuryAddress
DA:765,1
DA:766,1
DA:775,5
FN:775,Rent2Repay._transferFees
FNDA:5,Rent2Repay._transferFees
DA:776,5
DA:777,5
BRDA:777,28,0,-
DA:778,0
BRDA:778,29,0,-
BRDA:778,29,1,-
DA:784,5
BRDA:784,30,0,5
DA:785,5
BRDA:785,31,0,-
BRDA:785,31,1,5
DA:795,5
FN:795,Rent2Repay.getActiveTokens
FNDA:5,Rent2Repay.getActiveTokens
DA:796,5
DA:797,5
DA:799,5
DA:801,5
DA:802,5
DA:803,13
DA:804,12
BRDA:804,32,0,12
DA:805,12
DA:806,12
DA:808,13
DA:813,5
DA:822,4
FN:822,Rent2Repay._authorizeUpgrade
FNDA:4,Rent2Repay._authorizeUpgrade
DA:832,2
FN:832,Rent2Repay.version
FNDA:2,Rent2Repay.version
DA:833,2
DA:837,2
FN:837,Rent2Repay.rmm
FNDA:2,Rent2Repay.rmm
DA:838,2
DA:841,7
FN:841,Rent2Repay.allowedMaxAmounts
FNDA:7,Rent2Repay.allowedMaxAmounts
DA:842,7
DA:845,4
FN:845,Rent2Repay.lastRepayTimestamps
FNDA:4,Rent2Repay.lastRepayTimestamps
DA:846,4
DA:849,7
FN:849,Rent2Repay.periodicity
FNDA:7,Rent2Repay.periodicity
DA:850,7
DA:853,7
FN:853,Rent2Repay.tokenConfig
FNDA:7,Rent2Repay.tokenConfig
DA:854,7
DA:857,2
FN:857,Rent2Repay.tokenList
FNDA:2,Rent2Repay.tokenList
DA:858,2
DA:861,3
FN:861,Rent2Repay.daoFeesBps
FNDA:3,Rent2Repay.daoFeesBps
DA:862,3
DA:865,3
FN:865,Rent2Repay.senderTipsBps
FNDA:3,Rent2Repay.senderTipsBps
DA:866,3
DA:869,2
FN:869,Rent2Repay.daoFeeReductionToken
FNDA:2,Rent2Repay.daoFeeReductionToken
DA:870,2
DA:873,2
FN:873,Rent2Repay.daoFeeReductionMinimumAmount
FNDA:2,Rent2Repay.daoFeeReductionMinimumAmount
DA:874,2
DA:877,2
FN:877,Rent2Repay.daoFeeReductionBps
FNDA:2,Rent2Repay.daoFeeReductionBps
DA:878,2
DA:881,2
FN:881,Rent2Repay.daoTreasuryAddress
FNDA:2,Rent2Repay.daoTreasuryAddress
DA:882,2
FNF:52
FNH:52
LF:237
LH:228
BRF:49
BRH:24
end_of_record
TN:
SF:test/mocks/MockERC20.sol
DA:14,110
FN:14,MockERC20.constructor
FNDA:110,MockERC20.constructor
DA:20,110
DA:21,110
DA:24,0
FN:24,MockERC20.decimals
FNDA:0,MockERC20.decimals
DA:25,0
DA:33,76
FN:33,MockERC20.mint
FNDA:76,MockERC20.mint
DA:34,76
DA:42,0
FN:42,MockERC20.burn
FNDA:0,MockERC20.burn
DA:43,0
DA:51,0
FN:51,MockERC20.setBalance
FNDA:0,MockERC20.setBalance
DA:52,0
DA:53,0
BRDA:53,0,0,-
BRDA:53,0,1,-
DA:54,0
DA:55,0
BRDA:55,1,0,-
DA:56,0
DA:66,18
FN:66,MockERC20.transferFrom
FNDA:18,MockERC20.transferFrom
DA:68,18
BRDA:68,2,0,5
DA:69,5
DA:71,18
FNF:6
FNH:3
LF:19
LH:9
BRF:4
BRH:1
end_of_record
TN:
SF:test/mocks/MockRMM.sol
DA:35,18
FN:35,MockRMM.constructor
FNDA:18,MockRMM.constructor
DA:36,18
BRDA:36,0,0,-
BRDA:36,0,1,18
DA:38,18
DA:39,36
BRDA:39,1,0,-
BRDA:39,1,1,36
DA:40,36
BRDA:40,2,0,-
BRDA:40,2,1,36
DA:41,36
DA:42,36
DA:46,18
DA:53,20
FN:53,MockRMM.setMode
FNDA:20,MockRMM.setMode
DA:54,20
BRDA:54,3,0,-
BRDA:54,3,1,20
DA:55,20
DA:56,20
DA:57,20
DA:64,0
FN:64,MockRMM.setCustomDifference
FNDA:0,MockRMM.setCustomDifference
DA:65,0
DA:72,0
FN:72,MockRMM.getCustomDifference
FNDA:0,MockRMM.getCustomDifference
DA:73,0
DA:80,20
FN:80,MockRMM.getMode
FNDA:20,MockRMM.getMode
DA:81,20
DA:91,6
FN:91,MockRMM.repay
FNDA:6,MockRMM.repay
DA:97,6
BRDA:97,4,0,-
BRDA:97,4,1,6
DA:100,6
DA:103,6
DA:104,6
BRDA:104,5,0,1
BRDA:104,5,1,1
DA:106,1
BRDA:106,6,0,-
BRDA:106,6,1,1
DA:107,1
DA:110,5
DA:115,6
BRDA:115,7,0,-
DA:116,0
DA:118,6
BRDA:118,8,0,-
BRDA:118,8,1,6
DA:122,6
BRDA:122,9,0,-
DA:123,0
DA:125,6
BRDA:125,10,0,-
BRDA:125,10,1,6
DA:127,6
DA:128,6
DA:131,0
FN:131,MockRMM.withdraw
FNDA:0,MockRMM.withdraw
DA:132,0
BRDA:132,11,0,-
BRDA:132,11,1,-
DA:133,0
DA:134,0
BRDA:134,12,0,-
BRDA:134,12,1,-
DA:136,0
BRDA:136,13,0,-
BRDA:136,13,1,-
DA:137,0
DA:138,0
DA:146,2
FN:146,MockRMM.getDebtToken
FNDA:2,MockRMM.getDebtToken
DA:147,2
FNF:8
FNH:5
LF:44
LH:31
BRF:26
BRH:10
end_of_record
TN:
SF:test/mocks/Rent2RepayV2.sol
DA:16,1
FN:16,Rent2RepayV2.version
FNDA:1,Rent2RepayV2.version
DA:17,1
DA:24,0
FN:24,Rent2RepayV2.isUpgraded
FNDA:0,Rent2RepayV2.isUpgraded
DA:25,0
FNF:2
FNH:1
LF:4
LH:2
BRF:0
BRH:0
end_of_record
